<?xml version="1.0" encoding="UTF-8"?>
<!-- Generated by org.testng.reporters.JUnitReportReporter -->
<testsuite hostname="Ankit-T16" failures="0" tests="1" name="rahulshettyacademy.tests.ErrorValidationsTest" time="10.345" errors="0" timestamp="2025-03-16T11:24:44 PDT" skipped="0">
  <testcase classname="rahulshettyacademy.tests.ErrorValidationsTest" name="LoginErrorValidation" time="10.345"/>
</testsuite> <!-- rahulshettyacademy.tests.ErrorValidationsTest -->
