<?xml version="1.0" encoding="UTF-8"?>
<!-- Generated by org.testng.reporters.JUnitReportReporter -->
<testsuite hostname="Ankit-T16" failures="0" tests="2" name="rahulshettyacademy.tests.ErrorValidationsTest" time="19.909" errors="0" timestamp="2025-03-16T11:32:19 PDT" skipped="0">
  <testcase classname="rahulshettyacademy.tests.ErrorValidationsTest" name="ProductErrorValidation" time="13.041"/>
  <testcase classname="rahulshettyacademy.tests.ErrorValidationsTest" name="LoginErrorValidation" time="6.868"/>
</testsuite> <!-- rahulshettyacademy.tests.ErrorValidationsTest -->
